<html>
<head>
<title>TestNG:  Default test</title>
<link href="../testng.css" rel="stylesheet" type="text/css" />
<link href="../my-testng.css" rel="stylesheet" type="text/css" />

<style type="text/css">
.log { display: none;} 
.stack-trace { display: none;} 
</style>
<script type="text/javascript">
<!--
function flip(e) {
  current = e.style.display;
  if (current == 'block') {
    e.style.display = 'none';
    return 0;
  }
  else {
    e.style.display = 'block';
    return 1;
  }
}

function toggleBox(szDivId, elem, msg1, msg2)
{
  var res = -1;  if (document.getElementById) {
    res = flip(document.getElementById(szDivId));
  }
  else if (document.all) {
    // this is the way old msie versions work
    res = flip(document.all[szDivId]);
  }
  if(elem) {
    if(res == 0) elem.innerHTML = msg1; else elem.innerHTML = msg2;
  }

}

function toggleAllBoxes() {
  if (document.getElementsByTagName) {
    d = document.getElementsByTagName('div');
    for (i = 0; i < d.length; i++) {
      if (d[i].className == 'log') {
        flip(d[i]);
      }
    }
  }
}

// -->
</script>

</head>
<body>
<h2 align='center'>Default test</h2><table border='1' align="center">
<tr>
<td>Tests passed/Failed/Skipped:</td><td>29/2/0</td>
</tr><tr>
<td>Started on:</td><td>Sun Feb 23 22:11:44 PST 2025</td>
</tr>
<tr><td>Total time:</td><td>35 seconds (35303 ms)</td>
</tr><tr>
<td>Included groups:</td><td></td>
</tr><tr>
<td>Excluded groups:</td><td></td>
</tr>
</table><p/>
<small><i>(Hover the method name to see the test class name)</i></small><p/>
<table width='100%' border='1' class='invocation-failed'>
<tr><td colspan='4' align='center'><b>FAILED TESTS</b></td></tr>
<tr><td><b>Test method</b></td>
<td width="30%"><b>Exception</b></td>
<td width="10%"><b>Time (seconds)</b></td>
<td><b>Instance</b></td>
</tr>
<tr>
<td title='runner.TestRunner.runScenario()'><b>runScenario</b><br>Test class: runner.TestRunner<br>Test method: Runs Cucumber Scenarios<br>Parameters: "Verify the Search button", "Manage Program Page validation"</td>
<td><div><pre>java.lang.AssertionError: expected [Search...] but found []
	at org.testng.Assert.fail(Assert.java:99)
	at org.testng.Assert.failNotEquals(Assert.java:1037)
	at org.testng.Assert.assertEqualsImpl(Assert.java:140)
	at org.testng.Assert.assertEquals(Assert.java:122)
	at org.testng.Assert.assertEquals(Assert.java:629)
	at org.testng.Assert.assertEquals(Assert.java:639)
	at stepDefinitions.ProgramPageValidSteps.admin_should_see_search_bar_with_text_as(ProgramPageValidSteps.java:36)
	at ✽.Admin should see Search bar with text as &quot;Search...&quot;(file:///Users/arpanagodi/git/Team11_SeleniumSquad_LMS/src/test/resources/features/3_2_Program_PageValidation.feature:22)
</pre></div><a href='#' onClick='toggleBox("stack-trace710589756", this, "Click to show all stack frames", "Click to hide stack frames")'>Click to show all stack frames</a>
<div class='stack-trace' id='stack-trace710589756'><pre>java.lang.AssertionError: expected [Search...] but found []
	at org.testng.Assert.fail(Assert.java:99)
	at org.testng.Assert.failNotEquals(Assert.java:1037)
	at org.testng.Assert.assertEqualsImpl(Assert.java:140)
	at org.testng.Assert.assertEquals(Assert.java:122)
	at org.testng.Assert.assertEquals(Assert.java:629)
	at org.testng.Assert.assertEquals(Assert.java:639)
	at stepDefinitions.ProgramPageValidSteps.admin_should_see_search_bar_with_text_as(ProgramPageValidSteps.java:36)
	at ✽.Admin should see Search bar with text as &quot;Search...&quot;(file:///Users/arpanagodi/git/Team11_SeleniumSquad_LMS/src/test/resources/features/3_2_Program_PageValidation.feature:22)
</pre></div></td>
<td>0</td>
<td>runner.TestRunner@655a5d9c</td></tr>
<tr>
<td title='runner.TestRunner.runScenario()'><b>runScenario</b><br>Test class: runner.TestRunner<br>Test method: Runs Cucumber Scenarios<br>Parameters: "Verify footer message in manage program", "Manage Program Page validation"</td>
<td><div><pre>java.lang.AssertionError: expected [In total there are z programs.] but found [In total there are 80 programs.]
	at org.testng.Assert.fail(Assert.java:99)
	at org.testng.Assert.failNotEquals(Assert.java:1037)
	at org.testng.Assert.assertEqualsImpl(Assert.java:140)
	at org.testng.Assert.assertEquals(Assert.java:122)
	at org.testng.Assert.assertEquals(Assert.java:629)
	at org.testng.Assert.assertEquals(Assert.java:639)
	at stepDefinitions.ProgramPageValidSteps.admin_should_see_the_footer_as_z_total_number_of_records(ProgramPageValidSteps.java:61)
	at ✽.Admin should see the footer as &quot;In total there are z programs.&quot; z- Total number of records&quot;(file:///Users/arpanagodi/git/Team11_SeleniumSquad_LMS/src/test/resources/features/3_2_Program_PageValidation.feature:38)
</pre></div><a href='#' onClick='toggleBox("stack-trace1712003741", this, "Click to show all stack frames", "Click to hide stack frames")'>Click to show all stack frames</a>
<div class='stack-trace' id='stack-trace1712003741'><pre>java.lang.AssertionError: expected [In total there are z programs.] but found [In total there are 80 programs.]
	at org.testng.Assert.fail(Assert.java:99)
	at org.testng.Assert.failNotEquals(Assert.java:1037)
	at org.testng.Assert.assertEqualsImpl(Assert.java:140)
	at org.testng.Assert.assertEquals(Assert.java:122)
	at org.testng.Assert.assertEquals(Assert.java:629)
	at org.testng.Assert.assertEquals(Assert.java:639)
	at stepDefinitions.ProgramPageValidSteps.admin_should_see_the_footer_as_z_total_number_of_records(ProgramPageValidSteps.java:61)
	at ✽.Admin should see the footer as &quot;In total there are z programs.&quot; z- Total number of records&quot;(file:///Users/arpanagodi/git/Team11_SeleniumSquad_LMS/src/test/resources/features/3_2_Program_PageValidation.feature:38)
</pre></div></td>
<td>0</td>
<td>runner.TestRunner@655a5d9c</td></tr>
</table><p>
<table width='100%' border='1' class='invocation-passed'>
<tr><td colspan='4' align='center'><b>PASSED TESTS</b></td></tr>
<tr><td><b>Test method</b></td>
<td width="30%"><b>Exception</b></td>
<td width="10%"><b>Time (seconds)</b></td>
<td><b>Instance</b></td>
</tr>
<tr>
<td title='runner.TestRunner.runScenario()'><b>runScenario</b><br>Test class: runner.TestRunner<br>Test method: Runs Cucumber Scenarios<br>Parameters: "Verify enter program name", "Add New Program"</td>
<td></td>
<td>0</td>
<td>runner.TestRunner@655a5d9c</td></tr>
<tr>
<td title='runner.TestRunner.runScenario()'><b>runScenario</b><br>Test class: runner.TestRunner<br>Test method: Runs Cucumber Scenarios<br>Parameters: "Verify checkbox default state beside Program Name column header", "Manage Program Page validation"</td>
<td></td>
<td>0</td>
<td>runner.TestRunner@655a5d9c</td></tr>
<tr>
<td title='runner.TestRunner.runScenario()'><b>runScenario</b><br>Test class: runner.TestRunner<br>Test method: Runs Cucumber Scenarios<br>Parameters: "Verify heading in manage program", "Manage Program Page validation"</td>
<td></td>
<td>0</td>
<td>runner.TestRunner@655a5d9c</td></tr>
<tr>
<td title='runner.TestRunner.runScenario()'><b>runScenario</b><br>Test class: runner.TestRunner<br>Test method: Runs Cucumber Scenarios<br>Parameters: "Verify Logout displayed in menu bar", "Navigation to Program page and Menu Bar Validations"</td>
<td></td>
<td>0</td>
<td>runner.TestRunner@655a5d9c</td></tr>
<tr>
<td title='runner.TestRunner.runScenario()'><b>runScenario</b><br>Test class: runner.TestRunner<br>Test method: Runs Cucumber Scenarios<br>Parameters: "Verify edit and delete icon in manage program", "Manage Program Page validation"</td>
<td></td>
<td>0</td>
<td>runner.TestRunner@655a5d9c</td></tr>
<tr>
<td title='runner.TestRunner.runScenario()'><b>runScenario</b><br>Test class: runner.TestRunner<br>Test method: Runs Cucumber Scenarios<br>Parameters: "Verify other pages name displayed in menu bar", "Navigation to Program page and Menu Bar Validations"</td>
<td></td>
<td>0</td>
<td>runner.TestRunner@655a5d9c</td></tr>
<tr>
<td title='runner.TestRunner.runScenario()'><b>runScenario</b><br>Test class: runner.TestRunner<br>Test method: Runs Cucumber Scenarios<br>Parameters: "Verify column header name of data table", "Manage Program Page validation"</td>
<td></td>
<td>0</td>
<td>runner.TestRunner@655a5d9c</td></tr>
<tr>
<td title='runner.TestRunner.runScenario()'><b>runScenario</b><br>Test class: runner.TestRunner<br>Test method: Runs Cucumber Scenarios<br>Parameters: "Verify other pages name displayed in menu bar", "Navigation to Program page and Menu Bar Validations"</td>
<td></td>
<td>0</td>
<td>runner.TestRunner@655a5d9c</td></tr>
<tr>
<td title='runner.TestRunner.runScenario()'><b>runScenario</b><br>Test class: runner.TestRunner<br>Test method: Runs Cucumber Scenarios<br>Parameters: "Verify cancel button", "Add New Program"</td>
<td></td>
<td>0</td>
<td>runner.TestRunner@655a5d9c</td></tr>
<tr>
<td title='runner.TestRunner.runScenario()'><b>runScenario</b><br>Test class: runner.TestRunner<br>Test method: Runs Cucumber Scenarios<br>Parameters: "Verify heading in menu bar", "Navigation to Program page and Menu Bar Validations"</td>
<td></td>
<td>0</td>
<td>runner.TestRunner@655a5d9c</td></tr>
<tr>
<td title='runner.TestRunner.runScenario()'><b>runScenario</b><br>Test class: runner.TestRunner<br>Test method: Runs Cucumber Scenarios<br>Parameters: "Verify Admin is able to save the program details", "Add New Program"</td>
<td></td>
<td>2</td>
<td>runner.TestRunner@655a5d9c</td></tr>
<tr>
<td title='runner.TestRunner.runScenario()'><b>runScenario</b><br>Test class: runner.TestRunner<br>Test method: Runs Cucumber Scenarios<br>Parameters: "Verify title of the pop up window", "Add New Program"</td>
<td></td>
<td>0</td>
<td>runner.TestRunner@655a5d9c</td></tr>
<tr>
<td title='runner.TestRunner.runScenario()'><b>runScenario</b><br>Test class: runner.TestRunner<br>Test method: Runs Cucumber Scenarios<br>Parameters: "Verify that Admin is able to navigate to Program page", "Navigation to Program page and Menu Bar Validations"</td>
<td></td>
<td>1</td>
<td>runner.TestRunner@655a5d9c</td></tr>
<tr>
<td title='runner.TestRunner.runScenario()'><b>runScenario</b><br>Test class: runner.TestRunner<br>Test method: Runs Cucumber Scenarios<br>Parameters: "Verify other pages name displayed in menu bar", "Navigation to Program page and Menu Bar Validations"</td>
<td></td>
<td>0</td>
<td>runner.TestRunner@655a5d9c</td></tr>
<tr>
<td title='runner.TestRunner.runScenario()'><b>runScenario</b><br>Test class: runner.TestRunner<br>Test method: Runs Cucumber Scenarios<br>Parameters: "Verify other pages name displayed in menu bar", "Navigation to Program page and Menu Bar Validations"</td>
<td></td>
<td>0</td>
<td>runner.TestRunner@655a5d9c</td></tr>
<tr>
<td title='runner.TestRunner.runScenario()'><b>runScenario</b><br>Test class: runner.TestRunner<br>Test method: Runs Cucumber Scenarios<br>Parameters: "Verify the Multiple Delete button state", "Manage Program Page validation"</td>
<td></td>
<td>0</td>
<td>runner.TestRunner@655a5d9c</td></tr>
<tr>
<td title='runner.TestRunner.runScenario()'><b>runScenario</b><br>Test class: runner.TestRunner<br>Test method: Runs Cucumber Scenarios<br>Parameters: "Verify column header name of data table", "Manage Program Page validation"</td>
<td></td>
<td>0</td>
<td>runner.TestRunner@655a5d9c</td></tr>
<tr>
<td title='runner.TestRunner.runScenario()'><b>runScenario</b><br>Test class: runner.TestRunner<br>Test method: Runs Cucumber Scenarios<br>Parameters: "Verify add New Program", "Add New Program"</td>
<td></td>
<td>0</td>
<td>runner.TestRunner@655a5d9c</td></tr>
<tr>
<td title='runner.TestRunner.runScenario()'><b>runScenario</b><br>Test class: runner.TestRunner<br>Test method: Runs Cucumber Scenarios<br>Parameters: "Verify sub menu displayed in program menu bar", "Navigation to Program page and Menu Bar Validations"</td>
<td></td>
<td>0</td>
<td>runner.TestRunner@655a5d9c</td></tr>
<tr>
<td title='runner.TestRunner.runScenario()'><b>runScenario</b><br>Test class: runner.TestRunner<br>Test method: Runs Cucumber Scenarios<br>Parameters: "login feature", "Test login functionality"</td>
<td></td>
<td>4</td>
<td>runner.TestRunner@655a5d9c</td></tr>
<tr>
<td title='runner.TestRunner.runScenario()'><b>runScenario</b><br>Test class: runner.TestRunner<br>Test method: Runs Cucumber Scenarios<br>Parameters: "Verify Sort icon in manage program", "Manage Program Page validation"</td>
<td></td>
<td>0</td>
<td>runner.TestRunner@655a5d9c</td></tr>
<tr>
<td title='runner.TestRunner.runScenario()'><b>runScenario</b><br>Test class: runner.TestRunner<br>Test method: Runs Cucumber Scenarios<br>Parameters: "Verify pagination icons below data table in manage program", "Manage Program Page validation"</td>
<td></td>
<td>0</td>
<td>runner.TestRunner@655a5d9c</td></tr>
<tr>
<td title='runner.TestRunner.runScenario()'><b>runScenario</b><br>Test class: runner.TestRunner<br>Test method: Runs Cucumber Scenarios<br>Parameters: "Verify empty form submission", "Add New Program"</td>
<td></td>
<td>1</td>
<td>runner.TestRunner@655a5d9c</td></tr>
<tr>
<td title='runner.TestRunner.runScenario()'><b>runScenario</b><br>Test class: runner.TestRunner<br>Test method: Runs Cucumber Scenarios<br>Parameters: "Verify enter program Description", "Add New Program"</td>
<td></td>
<td>0</td>
<td>runner.TestRunner@655a5d9c</td></tr>
<tr>
<td title='runner.TestRunner.runScenario()'><b>runScenario</b><br>Test class: runner.TestRunner<br>Test method: Runs Cucumber Scenarios<br>Parameters: "Verify other pages name displayed in menu bar", "Navigation to Program page and Menu Bar Validations"</td>
<td></td>
<td>0</td>
<td>runner.TestRunner@655a5d9c</td></tr>
<tr>
<td title='runner.TestRunner.runScenario()'><b>runScenario</b><br>Test class: runner.TestRunner<br>Test method: Runs Cucumber Scenarios<br>Parameters: "Verify column header name of data table", "Manage Program Page validation"</td>
<td></td>
<td>0</td>
<td>runner.TestRunner@655a5d9c</td></tr>
<tr>
<td title='runner.TestRunner.runScenario()'><b>runScenario</b><br>Test class: runner.TestRunner<br>Test method: Runs Cucumber Scenarios<br>Parameters: "Verify mandatory fields with red asterisk mark", "Add New Program"</td>
<td></td>
<td>0</td>
<td>runner.TestRunner@655a5d9c</td></tr>
<tr>
<td title='runner.TestRunner.runScenario()'><b>runScenario</b><br>Test class: runner.TestRunner<br>Test method: Runs Cucumber Scenarios<br>Parameters: "Verify column header name of data table", "Manage Program Page validation"</td>
<td></td>
<td>0</td>
<td>runner.TestRunner@655a5d9c</td></tr>
<tr>
<td title='runner.TestRunner.runScenario()'><b>runScenario</b><br>Test class: runner.TestRunner<br>Test method: Runs Cucumber Scenarios<br>Parameters: "Verify close window with "X"", "Add New Program"</td>
<td></td>
<td>0</td>
<td>runner.TestRunner@655a5d9c</td></tr>
</table><p>
</body>
</html>