<?xml version="1.0" encoding="UTF-8"?>
<!-- Generated by org.testng.reporters.JUnitReportReporter -->
<testsuite hostname="ArpanaMac" failures="2" tests="31" name="runner.TestRunner" time="14.551" errors="0" timestamp="2025-02-23T22:12:20 PST" skipped="0">
  <testcase classname="runner.TestRunner" name="runScenario" time="0.335"/>
  <system-out/>
  <testcase classname="runner.TestRunner" name="runScenario" time="0.093"/>
  <system-out/>
  <testcase classname="runner.TestRunner" name="runScenario" time="0.090"/>
  <system-out/>
  <testcase classname="runner.TestRunner" name="runScenario" time="0.183"/>
  <system-out/>
  <testcase classname="runner.TestRunner" name="runScenario" time="0.119"/>
  <system-out/>
  <testcase classname="runner.TestRunner" name="runScenario" time="0.101"/>
  <system-out/>
  <testcase classname="runner.TestRunner" name="runScenario" time="0.068"/>
  <system-out/>
  <testcase classname="runner.TestRunner" name="runScenario" time="0.122"/>
  <system-out/>
  <testcase classname="runner.TestRunner" name="runScenario" time="0.286"/>
  <system-out/>
  <testcase classname="runner.TestRunner" name="runScenario" time="0.155"/>
  <system-out/>
  <testcase classname="runner.TestRunner" name="runScenario" time="2.026"/>
  <system-out/>
  <testcase classname="runner.TestRunner" name="runScenario" time="0.074"/>
  <system-out/>
  <testcase classname="runner.TestRunner" name="runScenario" time="0.399">
    <failure message="expected [In total there are z programs.] but found [In total there are 80 programs.]" type="java.lang.AssertionError">
      <![CDATA[java.lang.AssertionError: expected [In total there are z programs.] but found [In total there are 80 programs.]
at org.testng.Assert.fail(Assert.java:99)
at org.testng.Assert.failNotEquals(Assert.java:1037)
at org.testng.Assert.assertEqualsImpl(Assert.java:140)
at org.testng.Assert.assertEquals(Assert.java:122)
at org.testng.Assert.assertEquals(Assert.java:629)
at org.testng.Assert.assertEquals(Assert.java:639)
at stepDefinitions.ProgramPageValidSteps.admin_should_see_the_footer_as_z_total_number_of_records(ProgramPageValidSteps.java:61)
at ✽.Admin should see the footer as "In total there are z programs." z- Total number of records"(file:///Users/arpanagodi/git/Team11_SeleniumSquad_LMS/src/test/resources/features/3_2_Program_PageValidation.feature:38)
]]>
    </failure>
  </testcase> <!-- runScenario -->
  <system-out/>
  <testcase classname="runner.TestRunner" name="runScenario" time="1.931"/>
  <system-out/>
  <testcase classname="runner.TestRunner" name="runScenario" time="0.108"/>
  <system-out/>
  <testcase classname="runner.TestRunner" name="runScenario" time="0.090"/>
  <system-out/>
  <testcase classname="runner.TestRunner" name="runScenario" time="0.095"/>
  <system-out/>
  <testcase classname="runner.TestRunner" name="runScenario" time="0.072"/>
  <system-out/>
  <testcase classname="runner.TestRunner" name="runScenario" time="0.409"/>
  <system-out/>
  <testcase classname="runner.TestRunner" name="runScenario" time="0.126"/>
  <system-out/>
  <testcase classname="runner.TestRunner" name="runScenario" time="4.545"/>
  <system-out/>
  <testcase classname="runner.TestRunner" name="runScenario" time="0.480">
    <failure message="expected [Search...] but found []" type="java.lang.AssertionError">
      <![CDATA[java.lang.AssertionError: expected [Search...] but found []
at org.testng.Assert.fail(Assert.java:99)
at org.testng.Assert.failNotEquals(Assert.java:1037)
at org.testng.Assert.assertEqualsImpl(Assert.java:140)
at org.testng.Assert.assertEquals(Assert.java:122)
at org.testng.Assert.assertEquals(Assert.java:629)
at org.testng.Assert.assertEquals(Assert.java:639)
at stepDefinitions.ProgramPageValidSteps.admin_should_see_search_bar_with_text_as(ProgramPageValidSteps.java:36)
at ✽.Admin should see Search bar with text as "Search..."(file:///Users/arpanagodi/git/Team11_SeleniumSquad_LMS/src/test/resources/features/3_2_Program_PageValidation.feature:22)
]]>
    </failure>
  </testcase> <!-- runScenario -->
  <system-out/>
  <testcase classname="runner.TestRunner" name="runScenario" time="0.095"/>
  <system-out/>
  <testcase classname="runner.TestRunner" name="runScenario" time="0.235"/>
  <system-out/>
  <testcase classname="runner.TestRunner" name="runScenario" time="1.064"/>
  <system-out/>
  <testcase classname="runner.TestRunner" name="runScenario" time="0.463"/>
  <system-out/>
  <testcase classname="runner.TestRunner" name="runScenario" time="0.118"/>
  <system-out/>
  <testcase classname="runner.TestRunner" name="runScenario" time="0.081"/>
  <system-out/>
  <testcase classname="runner.TestRunner" name="runScenario" time="0.092"/>
  <system-out/>
  <testcase classname="runner.TestRunner" name="runScenario" time="0.088"/>
  <system-out/>
  <testcase classname="runner.TestRunner" name="runScenario" time="0.408"/>
  <system-out/>
</testsuite> <!-- runner.TestRunner -->
